<?xml version="1.0" encoding="UTF-8"?>
<robot generator="Robot 3.2.2 (Python 3.8.5 on win32)" generated="20200920 22:22:27.362" rpa="false">
<suite id="s1" name="Login" source="C:\Users\TiagoCoelho\Documents\GitHub\QA-Challenge\Robot Framework\web\tests\login.robot">
<test id="s1-t1" name="Login com sucesso">
<kw name="Nova sessão" library="base" type="setup">
<kw name="Open Browser" library="SeleniumLibrary">
<doc>Opens a new browser instance to the optional ``url``.</doc>
<arguments>
<arg>${url}</arg>
<arg>chrome</arg>
</arguments>
<msg timestamp="20200920 22:22:27.494" level="INFO">Opening browser 'chrome' to base url 'http://automationpractice.com/index.php'.</msg>
<status status="PASS" starttime="20200920 22:22:27.494" endtime="20200920 22:22:35.695"></status>
</kw>
<status status="PASS" starttime="20200920 22:22:27.493" endtime="20200920 22:22:35.696"></status>
</kw>
<kw name="Go To" library="SeleniumLibrary">
<doc>Navigates the current browser window to the provided ``url``.</doc>
<arguments>
<arg>${url}?controller=authentication</arg>
</arguments>
<msg timestamp="20200920 22:22:35.696" level="INFO">Opening url 'http://automationpractice.com/index.php?controller=authentication'</msg>
<status status="PASS" starttime="20200920 22:22:35.696" endtime="20200920 22:22:36.791"></status>
</kw>
<kw name="Login With">
<arguments>
<arg>teste@teste1.com</arg>
<arg>12345</arg>
</arguments>
<kw name="Input Text" library="SeleniumLibrary">
<doc>Types the given ``text`` into the text field identified by ``locator``.</doc>
<arguments>
<arg>${input_email}</arg>
<arg>${email}</arg>
</arguments>
<msg timestamp="20200920 22:22:36.792" level="INFO">Typing text 'teste@teste1.com' into text field 'id:email'.</msg>
<status status="PASS" starttime="20200920 22:22:36.791" endtime="20200920 22:22:36.871"></status>
</kw>
<kw name="Input Text" library="SeleniumLibrary">
<doc>Types the given ``text`` into the text field identified by ``locator``.</doc>
<arguments>
<arg>${input_password}</arg>
<arg>${pass}</arg>
</arguments>
<msg timestamp="20200920 22:22:36.871" level="INFO">Typing text '12345' into text field 'id:passwd'.</msg>
<status status="PASS" starttime="20200920 22:22:36.871" endtime="20200920 22:22:36.937"></status>
</kw>
<status status="PASS" starttime="20200920 22:22:36.791" endtime="20200920 22:22:36.937"></status>
</kw>
<kw name="Click Element" library="SeleniumLibrary">
<doc>Click the element identified by ``locator``.</doc>
<arguments>
<arg>${login_button}</arg>
</arguments>
<msg timestamp="20200920 22:22:36.938" level="INFO">Clicking element 'id:SubmitLogin'.</msg>
<status status="PASS" starttime="20200920 22:22:36.938" endtime="20200920 22:22:38.216"></status>
</kw>
<kw name="Should See Info Account">
<kw name="Page Should Contain Element" library="SeleniumLibrary">
<doc>Verifies that element ``locator`` is found on the current page.</doc>
<arguments>
<arg>${login_info}</arg>
</arguments>
<msg timestamp="20200920 22:22:38.231" level="INFO">Current page contains element 'class:info-account'.</msg>
<status status="PASS" starttime="20200920 22:22:38.217" endtime="20200920 22:22:38.231"></status>
</kw>
<status status="PASS" starttime="20200920 22:22:38.217" endtime="20200920 22:22:38.231"></status>
</kw>
<kw name="Encerra sessão" library="base" type="teardown">
<kw name="Capture Page Screenshot" library="SeleniumLibrary">
<doc>Takes a screenshot of the current page and embeds it into a log file.</doc>
<msg timestamp="20200920 22:22:38.590" level="INFO" html="yes">&lt;/td&gt;&lt;/tr&gt;&lt;tr&gt;&lt;td colspan="3"&gt;&lt;a href="selenium-screenshot-1.png"&gt;&lt;img src="selenium-screenshot-1.png" width="800px"&gt;&lt;/a&gt;</msg>
<status status="PASS" starttime="20200920 22:22:38.232" endtime="20200920 22:22:38.590"></status>
</kw>
<kw name="Close Browser" library="SeleniumLibrary">
<doc>Closes the current browser.</doc>
<status status="PASS" starttime="20200920 22:22:38.591" endtime="20200920 22:22:40.683"></status>
</kw>
<status status="PASS" starttime="20200920 22:22:38.231" endtime="20200920 22:22:40.683"></status>
</kw>
<status status="PASS" starttime="20200920 22:22:27.493" endtime="20200920 22:22:40.684" critical="yes"></status>
</test>
<status status="PASS" starttime="20200920 22:22:27.364" endtime="20200920 22:22:40.686"></status>
</suite>
<statistics>
<total>
<stat pass="1" fail="0">Critical Tests</stat>
<stat pass="1" fail="0">All Tests</stat>
</total>
<tag>
</tag>
<suite>
<stat pass="1" fail="0" id="s1" name="Login">Login</stat>
</suite>
</statistics>
<errors>
</errors>
</robot>
