<?xml version="1.0" encoding="UTF-8"?>
<robot generator="Robot 3.2.2 (Python 3.8.5 on win32)" generated="20200921 01:59:37.565" rpa="false">
<suite id="s1" name="Tests" source="C:\Users\TiagoCoelho\Documents\GitHub\QA-Challenge\Robot Framework\web\tests">
<suite id="s1-s1" name="Check" source="C:\Users\TiagoCoelho\Documents\GitHub\QA-Challenge\Robot Framework\web\tests\check.robot">
<test id="s1-s1-t1" name="Verificar se pode utilizar email">
<kw name="Nova sessão" library="base" type="setup">
<kw name="Open Browser" library="SeleniumLibrary">
<doc>Opens a new browser instance to the optional ``url``.</doc>
<arguments>
<arg>${url}</arg>
<arg>chrome</arg>
</arguments>
<msg timestamp="20200921 01:59:37.704" level="INFO">Opening browser 'chrome' to base url 'http://automationpractice.com/index.php'.</msg>
<status status="PASS" starttime="20200921 01:59:37.704" endtime="20200921 01:59:44.927"></status>
</kw>
<status status="PASS" starttime="20200921 01:59:37.704" endtime="20200921 01:59:44.927"></status>
</kw>
<kw name="Go To" library="SeleniumLibrary">
<doc>Navigates the current browser window to the provided ``url``.</doc>
<arguments>
<arg>${url}?controller=authentication</arg>
</arguments>
<msg timestamp="20200921 01:59:44.928" level="INFO">Opening url 'http://automationpractice.com/index.php?controller=authentication'</msg>
<status status="PASS" starttime="20200921 01:59:44.928" endtime="20200921 01:59:46.086"></status>
</kw>
<kw name="Check if can use email">
<arguments>
<arg>${email}</arg>
</arguments>
<kw name="Input Text" library="SeleniumLibrary">
<doc>Types the given ``text`` into the text field identified by ``locator``.</doc>
<arguments>
<arg>${check_email}</arg>
<arg>${email}</arg>
</arguments>
<msg timestamp="20200921 01:59:46.087" level="INFO">Typing text 'tiago@tiago.com' into text field 'id:email_create'.</msg>
<status status="PASS" starttime="20200921 01:59:46.086" endtime="20200921 01:59:46.159"></status>
</kw>
<kw name="Click Element" library="SeleniumLibrary">
<doc>Click the element identified by ``locator``.</doc>
<arguments>
<arg>${submit_button}</arg>
</arguments>
<msg timestamp="20200921 01:59:46.160" level="INFO">Clicking element 'id:SubmitCreate'.</msg>
<status status="PASS" starttime="20200921 01:59:46.160" endtime="20200921 01:59:46.202"></status>
</kw>
<status status="PASS" starttime="20200921 01:59:46.086" endtime="20200921 01:59:46.202"></status>
</kw>
<kw name="Page Should Contain" library="SeleniumLibrary">
<doc>Verifies that current page contains ``text``.</doc>
<arguments>
<arg>Create an account</arg>
</arguments>
<msg timestamp="20200921 01:59:46.211" level="INFO">Current page contains text 'Create an account'.</msg>
<status status="PASS" starttime="20200921 01:59:46.203" endtime="20200921 01:59:46.212"></status>
</kw>
<kw name="Encerra sessão" library="base" type="teardown">
<kw name="Capture Page Screenshot" library="SeleniumLibrary">
<doc>Takes a screenshot of the current page and embeds it into a log file.</doc>
<msg timestamp="20200921 01:59:46.510" level="INFO" html="yes">&lt;/td&gt;&lt;/tr&gt;&lt;tr&gt;&lt;td colspan="3"&gt;&lt;a href="selenium-screenshot-1.png"&gt;&lt;img src="selenium-screenshot-1.png" width="800px"&gt;&lt;/a&gt;</msg>
<status status="PASS" starttime="20200921 01:59:46.212" endtime="20200921 01:59:46.510"></status>
</kw>
<kw name="Close Browser" library="SeleniumLibrary">
<doc>Closes the current browser.</doc>
<status status="PASS" starttime="20200921 01:59:46.511" endtime="20200921 01:59:48.613"></status>
</kw>
<status status="PASS" starttime="20200921 01:59:46.212" endtime="20200921 01:59:48.613"></status>
</kw>
<status status="PASS" starttime="20200921 01:59:37.703" endtime="20200921 01:59:48.613" critical="yes"></status>
</test>
<status status="PASS" starttime="20200921 01:59:37.582" endtime="20200921 01:59:48.614"></status>
</suite>
<suite id="s1-s2" name="Login" source="C:\Users\TiagoCoelho\Documents\GitHub\QA-Challenge\Robot Framework\web\tests\login.robot">
<test id="s1-s2-t1" name="Login sem email">
<kw name="Nova sessão" library="base" type="setup">
<kw name="Open Browser" library="SeleniumLibrary">
<doc>Opens a new browser instance to the optional ``url``.</doc>
<arguments>
<arg>${url}</arg>
<arg>chrome</arg>
</arguments>
<msg timestamp="20200921 01:59:48.621" level="INFO">Opening browser 'chrome' to base url 'http://automationpractice.com/index.php'.</msg>
<status status="PASS" starttime="20200921 01:59:48.621" endtime="20200921 01:59:56.093"></status>
</kw>
<status status="PASS" starttime="20200921 01:59:48.621" endtime="20200921 01:59:56.093"></status>
</kw>
<kw name="Go To" library="SeleniumLibrary">
<doc>Navigates the current browser window to the provided ``url``.</doc>
<arguments>
<arg>${url}?controller=authentication</arg>
</arguments>
<msg timestamp="20200921 01:59:56.094" level="INFO">Opening url 'http://automationpractice.com/index.php?controller=authentication'</msg>
<status status="PASS" starttime="20200921 01:59:56.093" endtime="20200921 01:59:58.731"></status>
</kw>
<kw name="Login With">
<arguments>
<arg>\</arg>
<arg>12345</arg>
</arguments>
<kw name="Input Text" library="SeleniumLibrary">
<doc>Types the given ``text`` into the text field identified by ``locator``.</doc>
<arguments>
<arg>${input_email}</arg>
<arg>${email}</arg>
</arguments>
<msg timestamp="20200921 01:59:58.732" level="INFO">Typing text '' into text field 'id:email'.</msg>
<status status="PASS" starttime="20200921 01:59:58.732" endtime="20200921 01:59:58.792"></status>
</kw>
<kw name="Input Text" library="SeleniumLibrary">
<doc>Types the given ``text`` into the text field identified by ``locator``.</doc>
<arguments>
<arg>${input_password}</arg>
<arg>${pass}</arg>
</arguments>
<msg timestamp="20200921 01:59:58.793" level="INFO">Typing text '12345' into text field 'id:passwd'.</msg>
<status status="PASS" starttime="20200921 01:59:58.793" endtime="20200921 01:59:58.865"></status>
</kw>
<kw name="Click Element" library="SeleniumLibrary">
<doc>Click the element identified by ``locator``.</doc>
<arguments>
<arg>${login_button}</arg>
</arguments>
<msg timestamp="20200921 01:59:58.865" level="INFO">Clicking element 'id:SubmitLogin'.</msg>
<status status="PASS" starttime="20200921 01:59:58.865" endtime="20200921 02:00:00.162"></status>
</kw>
<status status="PASS" starttime="20200921 01:59:58.731" endtime="20200921 02:00:00.163"></status>
</kw>
<kw name="Should Contain Login Alert Message">
<arguments>
<arg>An email address required.</arg>
</arguments>
<kw name="Get WebElement" library="SeleniumLibrary">
<doc>Returns the first WebElement matching the given ``locator``.</doc>
<arguments>
<arg>class:alert-danger</arg>
</arguments>
<assign>
<var>${message}</var>
</assign>
<msg timestamp="20200921 02:00:00.171" level="INFO">${message} = &lt;selenium.webdriver.remote.webelement.WebElement (session="9b368d150a4f9ce98126431e60965c3e", element="65c429bf-17de-4523-aca2-64c167a9939d")&gt;</msg>
<status status="PASS" starttime="20200921 02:00:00.163" endtime="20200921 02:00:00.171"></status>
</kw>
<kw name="Should Contain" library="BuiltIn">
<doc>Fails if ``container`` does not contain ``item`` one or more times.</doc>
<arguments>
<arg>${message.text}</arg>
<arg>${expect_message}</arg>
</arguments>
<status status="PASS" starttime="20200921 02:00:00.171" endtime="20200921 02:00:00.181"></status>
</kw>
<status status="PASS" starttime="20200921 02:00:00.163" endtime="20200921 02:00:00.181"></status>
</kw>
<kw name="Encerra sessão" library="base" type="teardown">
<kw name="Capture Page Screenshot" library="SeleniumLibrary">
<doc>Takes a screenshot of the current page and embeds it into a log file.</doc>
<msg timestamp="20200921 02:00:00.461" level="INFO" html="yes">&lt;/td&gt;&lt;/tr&gt;&lt;tr&gt;&lt;td colspan="3"&gt;&lt;a href="selenium-screenshot-2.png"&gt;&lt;img src="selenium-screenshot-2.png" width="800px"&gt;&lt;/a&gt;</msg>
<status status="PASS" starttime="20200921 02:00:00.182" endtime="20200921 02:00:00.461"></status>
</kw>
<kw name="Close Browser" library="SeleniumLibrary">
<doc>Closes the current browser.</doc>
<status status="PASS" starttime="20200921 02:00:00.461" endtime="20200921 02:00:02.544"></status>
</kw>
<status status="PASS" starttime="20200921 02:00:00.182" endtime="20200921 02:00:02.544"></status>
</kw>
<status status="PASS" starttime="20200921 01:59:48.620" endtime="20200921 02:00:02.545" critical="yes"></status>
</test>
<test id="s1-s2-t2" name="Login sem senha">
<kw name="Nova sessão" library="base" type="setup">
<kw name="Open Browser" library="SeleniumLibrary">
<doc>Opens a new browser instance to the optional ``url``.</doc>
<arguments>
<arg>${url}</arg>
<arg>chrome</arg>
</arguments>
<msg timestamp="20200921 02:00:02.546" level="INFO">Opening browser 'chrome' to base url 'http://automationpractice.com/index.php'.</msg>
<status status="PASS" starttime="20200921 02:00:02.546" endtime="20200921 02:00:09.626"></status>
</kw>
<status status="PASS" starttime="20200921 02:00:02.546" endtime="20200921 02:00:09.626"></status>
</kw>
<kw name="Go To" library="SeleniumLibrary">
<doc>Navigates the current browser window to the provided ``url``.</doc>
<arguments>
<arg>${url}?controller=authentication</arg>
</arguments>
<msg timestamp="20200921 02:00:09.627" level="INFO">Opening url 'http://automationpractice.com/index.php?controller=authentication'</msg>
<status status="PASS" starttime="20200921 02:00:09.627" endtime="20200921 02:00:10.715"></status>
</kw>
<kw name="Login With">
<arguments>
<arg>teste@teste1.com</arg>
<arg>\</arg>
</arguments>
<kw name="Input Text" library="SeleniumLibrary">
<doc>Types the given ``text`` into the text field identified by ``locator``.</doc>
<arguments>
<arg>${input_email}</arg>
<arg>${email}</arg>
</arguments>
<msg timestamp="20200921 02:00:10.716" level="INFO">Typing text 'teste@teste1.com' into text field 'id:email'.</msg>
<status status="PASS" starttime="20200921 02:00:10.716" endtime="20200921 02:00:10.793"></status>
</kw>
<kw name="Input Text" library="SeleniumLibrary">
<doc>Types the given ``text`` into the text field identified by ``locator``.</doc>
<arguments>
<arg>${input_password}</arg>
<arg>${pass}</arg>
</arguments>
<msg timestamp="20200921 02:00:10.793" level="INFO">Typing text '' into text field 'id:passwd'.</msg>
<status status="PASS" starttime="20200921 02:00:10.793" endtime="20200921 02:00:10.849"></status>
</kw>
<kw name="Click Element" library="SeleniumLibrary">
<doc>Click the element identified by ``locator``.</doc>
<arguments>
<arg>${login_button}</arg>
</arguments>
<msg timestamp="20200921 02:00:10.850" level="INFO">Clicking element 'id:SubmitLogin'.</msg>
<status status="PASS" starttime="20200921 02:00:10.850" endtime="20200921 02:00:11.921"></status>
</kw>
<status status="PASS" starttime="20200921 02:00:10.716" endtime="20200921 02:00:11.921"></status>
</kw>
<kw name="Should Contain Login Alert Message">
<arguments>
<arg>Password is required.</arg>
</arguments>
<kw name="Get WebElement" library="SeleniumLibrary">
<doc>Returns the first WebElement matching the given ``locator``.</doc>
<arguments>
<arg>class:alert-danger</arg>
</arguments>
<assign>
<var>${message}</var>
</assign>
<msg timestamp="20200921 02:00:11.928" level="INFO">${message} = &lt;selenium.webdriver.remote.webelement.WebElement (session="fbfde3cdd2d88f5a2ef406a9d812af45", element="9efa7454-8bef-47f4-b8aa-68a30931c621")&gt;</msg>
<status status="PASS" starttime="20200921 02:00:11.921" endtime="20200921 02:00:11.928"></status>
</kw>
<kw name="Should Contain" library="BuiltIn">
<doc>Fails if ``container`` does not contain ``item`` one or more times.</doc>
<arguments>
<arg>${message.text}</arg>
<arg>${expect_message}</arg>
</arguments>
<status status="PASS" starttime="20200921 02:00:11.929" endtime="20200921 02:00:11.938"></status>
</kw>
<status status="PASS" starttime="20200921 02:00:11.921" endtime="20200921 02:00:11.938"></status>
</kw>
<kw name="Encerra sessão" library="base" type="teardown">
<kw name="Capture Page Screenshot" library="SeleniumLibrary">
<doc>Takes a screenshot of the current page and embeds it into a log file.</doc>
<msg timestamp="20200921 02:00:12.221" level="INFO" html="yes">&lt;/td&gt;&lt;/tr&gt;&lt;tr&gt;&lt;td colspan="3"&gt;&lt;a href="selenium-screenshot-3.png"&gt;&lt;img src="selenium-screenshot-3.png" width="800px"&gt;&lt;/a&gt;</msg>
<status status="PASS" starttime="20200921 02:00:11.938" endtime="20200921 02:00:12.221"></status>
</kw>
<kw name="Close Browser" library="SeleniumLibrary">
<doc>Closes the current browser.</doc>
<status status="PASS" starttime="20200921 02:00:12.221" endtime="20200921 02:00:14.307"></status>
</kw>
<status status="PASS" starttime="20200921 02:00:11.938" endtime="20200921 02:00:14.307"></status>
</kw>
<status status="PASS" starttime="20200921 02:00:02.546" endtime="20200921 02:00:14.307" critical="yes"></status>
</test>
<test id="s1-s2-t3" name="Login sem email e senha">
<kw name="Nova sessão" library="base" type="setup">
<kw name="Open Browser" library="SeleniumLibrary">
<doc>Opens a new browser instance to the optional ``url``.</doc>
<arguments>
<arg>${url}</arg>
<arg>chrome</arg>
</arguments>
<msg timestamp="20200921 02:00:14.309" level="INFO">Opening browser 'chrome' to base url 'http://automationpractice.com/index.php'.</msg>
<status status="PASS" starttime="20200921 02:00:14.309" endtime="20200921 02:00:21.709"></status>
</kw>
<status status="PASS" starttime="20200921 02:00:14.308" endtime="20200921 02:00:21.709"></status>
</kw>
<kw name="Go To" library="SeleniumLibrary">
<doc>Navigates the current browser window to the provided ``url``.</doc>
<arguments>
<arg>${url}?controller=authentication</arg>
</arguments>
<msg timestamp="20200921 02:00:21.710" level="INFO">Opening url 'http://automationpractice.com/index.php?controller=authentication'</msg>
<status status="PASS" starttime="20200921 02:00:21.710" endtime="20200921 02:00:22.809"></status>
</kw>
<kw name="Login With">
<arguments>
<arg>\</arg>
<arg>\</arg>
</arguments>
<kw name="Input Text" library="SeleniumLibrary">
<doc>Types the given ``text`` into the text field identified by ``locator``.</doc>
<arguments>
<arg>${input_email}</arg>
<arg>${email}</arg>
</arguments>
<msg timestamp="20200921 02:00:22.810" level="INFO">Typing text '' into text field 'id:email'.</msg>
<status status="PASS" starttime="20200921 02:00:22.810" endtime="20200921 02:00:22.866"></status>
</kw>
<kw name="Input Text" library="SeleniumLibrary">
<doc>Types the given ``text`` into the text field identified by ``locator``.</doc>
<arguments>
<arg>${input_password}</arg>
<arg>${pass}</arg>
</arguments>
<msg timestamp="20200921 02:00:22.866" level="INFO">Typing text '' into text field 'id:passwd'.</msg>
<status status="PASS" starttime="20200921 02:00:22.866" endtime="20200921 02:00:22.922"></status>
</kw>
<kw name="Click Element" library="SeleniumLibrary">
<doc>Click the element identified by ``locator``.</doc>
<arguments>
<arg>${login_button}</arg>
</arguments>
<msg timestamp="20200921 02:00:22.922" level="INFO">Clicking element 'id:SubmitLogin'.</msg>
<status status="PASS" starttime="20200921 02:00:22.922" endtime="20200921 02:00:23.848"></status>
</kw>
<status status="PASS" starttime="20200921 02:00:22.810" endtime="20200921 02:00:23.848"></status>
</kw>
<kw name="Should Contain Login Alert Message">
<arguments>
<arg>An email address required.</arg>
</arguments>
<kw name="Get WebElement" library="SeleniumLibrary">
<doc>Returns the first WebElement matching the given ``locator``.</doc>
<arguments>
<arg>class:alert-danger</arg>
</arguments>
<assign>
<var>${message}</var>
</assign>
<msg timestamp="20200921 02:00:23.856" level="INFO">${message} = &lt;selenium.webdriver.remote.webelement.WebElement (session="91aa9dd6ae30bdb86d98e5646d4b2af9", element="c2ce86fa-9a96-4ceb-845d-fd9e68c649a3")&gt;</msg>
<status status="PASS" starttime="20200921 02:00:23.848" endtime="20200921 02:00:23.856"></status>
</kw>
<kw name="Should Contain" library="BuiltIn">
<doc>Fails if ``container`` does not contain ``item`` one or more times.</doc>
<arguments>
<arg>${message.text}</arg>
<arg>${expect_message}</arg>
</arguments>
<status status="PASS" starttime="20200921 02:00:23.856" endtime="20200921 02:00:23.865"></status>
</kw>
<status status="PASS" starttime="20200921 02:00:23.848" endtime="20200921 02:00:23.865"></status>
</kw>
<kw name="Encerra sessão" library="base" type="teardown">
<kw name="Capture Page Screenshot" library="SeleniumLibrary">
<doc>Takes a screenshot of the current page and embeds it into a log file.</doc>
<msg timestamp="20200921 02:00:24.149" level="INFO" html="yes">&lt;/td&gt;&lt;/tr&gt;&lt;tr&gt;&lt;td colspan="3"&gt;&lt;a href="selenium-screenshot-4.png"&gt;&lt;img src="selenium-screenshot-4.png" width="800px"&gt;&lt;/a&gt;</msg>
<status status="PASS" starttime="20200921 02:00:23.866" endtime="20200921 02:00:24.149"></status>
</kw>
<kw name="Close Browser" library="SeleniumLibrary">
<doc>Closes the current browser.</doc>
<status status="PASS" starttime="20200921 02:00:24.149" endtime="20200921 02:00:26.212"></status>
</kw>
<status status="PASS" starttime="20200921 02:00:23.866" endtime="20200921 02:00:26.212"></status>
</kw>
<status status="PASS" starttime="20200921 02:00:14.308" endtime="20200921 02:00:26.213" critical="yes"></status>
</test>
<test id="s1-s2-t4" name="Login com email inválido">
<kw name="Nova sessão" library="base" type="setup">
<kw name="Open Browser" library="SeleniumLibrary">
<doc>Opens a new browser instance to the optional ``url``.</doc>
<arguments>
<arg>${url}</arg>
<arg>chrome</arg>
</arguments>
<msg timestamp="20200921 02:00:26.214" level="INFO">Opening browser 'chrome' to base url 'http://automationpractice.com/index.php'.</msg>
<status status="PASS" starttime="20200921 02:00:26.214" endtime="20200921 02:00:33.573"></status>
</kw>
<status status="PASS" starttime="20200921 02:00:26.214" endtime="20200921 02:00:33.573"></status>
</kw>
<kw name="Go To" library="SeleniumLibrary">
<doc>Navigates the current browser window to the provided ``url``.</doc>
<arguments>
<arg>${url}?controller=authentication</arg>
</arguments>
<msg timestamp="20200921 02:00:33.574" level="INFO">Opening url 'http://automationpractice.com/index.php?controller=authentication'</msg>
<status status="PASS" starttime="20200921 02:00:33.574" endtime="20200921 02:00:34.515"></status>
</kw>
<kw name="Login With">
<arguments>
<arg>teste.com</arg>
<arg>12345</arg>
</arguments>
<kw name="Input Text" library="SeleniumLibrary">
<doc>Types the given ``text`` into the text field identified by ``locator``.</doc>
<arguments>
<arg>${input_email}</arg>
<arg>${email}</arg>
</arguments>
<msg timestamp="20200921 02:00:34.516" level="INFO">Typing text 'teste.com' into text field 'id:email'.</msg>
<status status="PASS" starttime="20200921 02:00:34.515" endtime="20200921 02:00:34.589"></status>
</kw>
<kw name="Input Text" library="SeleniumLibrary">
<doc>Types the given ``text`` into the text field identified by ``locator``.</doc>
<arguments>
<arg>${input_password}</arg>
<arg>${pass}</arg>
</arguments>
<msg timestamp="20200921 02:00:34.589" level="INFO">Typing text '12345' into text field 'id:passwd'.</msg>
<status status="PASS" starttime="20200921 02:00:34.589" endtime="20200921 02:00:34.660"></status>
</kw>
<kw name="Click Element" library="SeleniumLibrary">
<doc>Click the element identified by ``locator``.</doc>
<arguments>
<arg>${login_button}</arg>
</arguments>
<msg timestamp="20200921 02:00:34.660" level="INFO">Clicking element 'id:SubmitLogin'.</msg>
<status status="PASS" starttime="20200921 02:00:34.660" endtime="20200921 02:00:35.767"></status>
</kw>
<status status="PASS" starttime="20200921 02:00:34.515" endtime="20200921 02:00:35.767"></status>
</kw>
<kw name="Should Contain Login Alert Message">
<arguments>
<arg>Invalid email address.</arg>
</arguments>
<kw name="Get WebElement" library="SeleniumLibrary">
<doc>Returns the first WebElement matching the given ``locator``.</doc>
<arguments>
<arg>class:alert-danger</arg>
</arguments>
<assign>
<var>${message}</var>
</assign>
<msg timestamp="20200921 02:00:35.775" level="INFO">${message} = &lt;selenium.webdriver.remote.webelement.WebElement (session="ec2c27c4abd99cf52645c0a3433e1e0d", element="1585a484-676e-4e2b-b858-2142f7c173da")&gt;</msg>
<status status="PASS" starttime="20200921 02:00:35.768" endtime="20200921 02:00:35.775"></status>
</kw>
<kw name="Should Contain" library="BuiltIn">
<doc>Fails if ``container`` does not contain ``item`` one or more times.</doc>
<arguments>
<arg>${message.text}</arg>
<arg>${expect_message}</arg>
</arguments>
<status status="PASS" starttime="20200921 02:00:35.775" endtime="20200921 02:00:35.784"></status>
</kw>
<status status="PASS" starttime="20200921 02:00:35.768" endtime="20200921 02:00:35.784"></status>
</kw>
<kw name="Encerra sessão" library="base" type="teardown">
<kw name="Capture Page Screenshot" library="SeleniumLibrary">
<doc>Takes a screenshot of the current page and embeds it into a log file.</doc>
<msg timestamp="20200921 02:00:36.072" level="INFO" html="yes">&lt;/td&gt;&lt;/tr&gt;&lt;tr&gt;&lt;td colspan="3"&gt;&lt;a href="selenium-screenshot-5.png"&gt;&lt;img src="selenium-screenshot-5.png" width="800px"&gt;&lt;/a&gt;</msg>
<status status="PASS" starttime="20200921 02:00:35.785" endtime="20200921 02:00:36.072"></status>
</kw>
<kw name="Close Browser" library="SeleniumLibrary">
<doc>Closes the current browser.</doc>
<status status="PASS" starttime="20200921 02:00:36.072" endtime="20200921 02:00:38.166"></status>
</kw>
<status status="PASS" starttime="20200921 02:00:35.784" endtime="20200921 02:00:38.166"></status>
</kw>
<status status="PASS" starttime="20200921 02:00:26.213" endtime="20200921 02:00:38.167" critical="yes"></status>
</test>
<test id="s1-s2-t5" name="Login com senha inválida">
<kw name="Nova sessão" library="base" type="setup">
<kw name="Open Browser" library="SeleniumLibrary">
<doc>Opens a new browser instance to the optional ``url``.</doc>
<arguments>
<arg>${url}</arg>
<arg>chrome</arg>
</arguments>
<msg timestamp="20200921 02:00:38.168" level="INFO">Opening browser 'chrome' to base url 'http://automationpractice.com/index.php'.</msg>
<status status="PASS" starttime="20200921 02:00:38.168" endtime="20200921 02:00:46.461"></status>
</kw>
<status status="PASS" starttime="20200921 02:00:38.168" endtime="20200921 02:00:46.461"></status>
</kw>
<kw name="Go To" library="SeleniumLibrary">
<doc>Navigates the current browser window to the provided ``url``.</doc>
<arguments>
<arg>${url}?controller=authentication</arg>
</arguments>
<msg timestamp="20200921 02:00:46.462" level="INFO">Opening url 'http://automationpractice.com/index.php?controller=authentication'</msg>
<status status="PASS" starttime="20200921 02:00:46.462" endtime="20200921 02:00:48.070"></status>
</kw>
<kw name="Login With">
<arguments>
<arg>teste@teste1.com</arg>
<arg>123456</arg>
</arguments>
<kw name="Input Text" library="SeleniumLibrary">
<doc>Types the given ``text`` into the text field identified by ``locator``.</doc>
<arguments>
<arg>${input_email}</arg>
<arg>${email}</arg>
</arguments>
<msg timestamp="20200921 02:00:48.071" level="INFO">Typing text 'teste@teste1.com' into text field 'id:email'.</msg>
<status status="PASS" starttime="20200921 02:00:48.071" endtime="20200921 02:00:48.146"></status>
</kw>
<kw name="Input Text" library="SeleniumLibrary">
<doc>Types the given ``text`` into the text field identified by ``locator``.</doc>
<arguments>
<arg>${input_password}</arg>
<arg>${pass}</arg>
</arguments>
<msg timestamp="20200921 02:00:48.146" level="INFO">Typing text '123456' into text field 'id:passwd'.</msg>
<status status="PASS" starttime="20200921 02:00:48.146" endtime="20200921 02:00:48.209"></status>
</kw>
<kw name="Click Element" library="SeleniumLibrary">
<doc>Click the element identified by ``locator``.</doc>
<arguments>
<arg>${login_button}</arg>
</arguments>
<msg timestamp="20200921 02:00:48.210" level="INFO">Clicking element 'id:SubmitLogin'.</msg>
<status status="PASS" starttime="20200921 02:00:48.209" endtime="20200921 02:00:49.715"></status>
</kw>
<status status="PASS" starttime="20200921 02:00:48.070" endtime="20200921 02:00:49.716"></status>
</kw>
<kw name="Should Contain Login Alert Message">
<arguments>
<arg>Authentication failed.</arg>
</arguments>
<kw name="Get WebElement" library="SeleniumLibrary">
<doc>Returns the first WebElement matching the given ``locator``.</doc>
<arguments>
<arg>class:alert-danger</arg>
</arguments>
<assign>
<var>${message}</var>
</assign>
<msg timestamp="20200921 02:00:49.723" level="INFO">${message} = &lt;selenium.webdriver.remote.webelement.WebElement (session="2828f77b834559fc04e9871e63a5d10b", element="7a723471-edf1-4cbd-a853-95c10e7ee71b")&gt;</msg>
<status status="PASS" starttime="20200921 02:00:49.716" endtime="20200921 02:00:49.723"></status>
</kw>
<kw name="Should Contain" library="BuiltIn">
<doc>Fails if ``container`` does not contain ``item`` one or more times.</doc>
<arguments>
<arg>${message.text}</arg>
<arg>${expect_message}</arg>
</arguments>
<status status="PASS" starttime="20200921 02:00:49.724" endtime="20200921 02:00:49.733"></status>
</kw>
<status status="PASS" starttime="20200921 02:00:49.716" endtime="20200921 02:00:49.733"></status>
</kw>
<kw name="Encerra sessão" library="base" type="teardown">
<kw name="Capture Page Screenshot" library="SeleniumLibrary">
<doc>Takes a screenshot of the current page and embeds it into a log file.</doc>
<msg timestamp="20200921 02:00:50.016" level="INFO" html="yes">&lt;/td&gt;&lt;/tr&gt;&lt;tr&gt;&lt;td colspan="3"&gt;&lt;a href="selenium-screenshot-6.png"&gt;&lt;img src="selenium-screenshot-6.png" width="800px"&gt;&lt;/a&gt;</msg>
<status status="PASS" starttime="20200921 02:00:49.734" endtime="20200921 02:00:50.016"></status>
</kw>
<kw name="Close Browser" library="SeleniumLibrary">
<doc>Closes the current browser.</doc>
<status status="PASS" starttime="20200921 02:00:50.017" endtime="20200921 02:00:52.109"></status>
</kw>
<status status="PASS" starttime="20200921 02:00:49.734" endtime="20200921 02:00:52.109"></status>
</kw>
<status status="PASS" starttime="20200921 02:00:38.167" endtime="20200921 02:00:52.110" critical="yes"></status>
</test>
<test id="s1-s2-t6" name="Login com sucesso">
<kw name="Nova sessão" library="base" type="setup">
<kw name="Open Browser" library="SeleniumLibrary">
<doc>Opens a new browser instance to the optional ``url``.</doc>
<arguments>
<arg>${url}</arg>
<arg>chrome</arg>
</arguments>
<msg timestamp="20200921 02:00:52.112" level="INFO">Opening browser 'chrome' to base url 'http://automationpractice.com/index.php'.</msg>
<status status="PASS" starttime="20200921 02:00:52.112" endtime="20200921 02:00:59.117"></status>
</kw>
<status status="PASS" starttime="20200921 02:00:52.111" endtime="20200921 02:00:59.118"></status>
</kw>
<kw name="Go To" library="SeleniumLibrary">
<doc>Navigates the current browser window to the provided ``url``.</doc>
<arguments>
<arg>${url}?controller=authentication</arg>
</arguments>
<msg timestamp="20200921 02:00:59.119" level="INFO">Opening url 'http://automationpractice.com/index.php?controller=authentication'</msg>
<status status="PASS" starttime="20200921 02:00:59.119" endtime="20200921 02:01:00.483"></status>
</kw>
<kw name="Login With">
<arguments>
<arg>teste@teste1.com</arg>
<arg>12345</arg>
</arguments>
<kw name="Input Text" library="SeleniumLibrary">
<doc>Types the given ``text`` into the text field identified by ``locator``.</doc>
<arguments>
<arg>${input_email}</arg>
<arg>${email}</arg>
</arguments>
<msg timestamp="20200921 02:01:00.484" level="INFO">Typing text 'teste@teste1.com' into text field 'id:email'.</msg>
<status status="PASS" starttime="20200921 02:01:00.484" endtime="20200921 02:01:00.552"></status>
</kw>
<kw name="Input Text" library="SeleniumLibrary">
<doc>Types the given ``text`` into the text field identified by ``locator``.</doc>
<arguments>
<arg>${input_password}</arg>
<arg>${pass}</arg>
</arguments>
<msg timestamp="20200921 02:01:00.552" level="INFO">Typing text '12345' into text field 'id:passwd'.</msg>
<status status="PASS" starttime="20200921 02:01:00.552" endtime="20200921 02:01:00.620"></status>
</kw>
<kw name="Click Element" library="SeleniumLibrary">
<doc>Click the element identified by ``locator``.</doc>
<arguments>
<arg>${login_button}</arg>
</arguments>
<msg timestamp="20200921 02:01:00.620" level="INFO">Clicking element 'id:SubmitLogin'.</msg>
<status status="PASS" starttime="20200921 02:01:00.620" endtime="20200921 02:01:02.199"></status>
</kw>
<status status="PASS" starttime="20200921 02:01:00.484" endtime="20200921 02:01:02.199"></status>
</kw>
<kw name="Should See Info Account">
<kw name="Page Should Contain Element" library="SeleniumLibrary">
<doc>Verifies that element ``locator`` is found on the current page.</doc>
<arguments>
<arg>${login_info}</arg>
</arguments>
<msg timestamp="20200921 02:01:02.215" level="INFO">Current page contains element 'class:info-account'.</msg>
<status status="PASS" starttime="20200921 02:01:02.199" endtime="20200921 02:01:02.215"></status>
</kw>
<status status="PASS" starttime="20200921 02:01:02.199" endtime="20200921 02:01:02.215"></status>
</kw>
<kw name="Encerra sessão" library="base" type="teardown">
<kw name="Capture Page Screenshot" library="SeleniumLibrary">
<doc>Takes a screenshot of the current page and embeds it into a log file.</doc>
<msg timestamp="20200921 02:01:02.579" level="INFO" html="yes">&lt;/td&gt;&lt;/tr&gt;&lt;tr&gt;&lt;td colspan="3"&gt;&lt;a href="selenium-screenshot-7.png"&gt;&lt;img src="selenium-screenshot-7.png" width="800px"&gt;&lt;/a&gt;</msg>
<status status="PASS" starttime="20200921 02:01:02.216" endtime="20200921 02:01:02.580"></status>
</kw>
<kw name="Close Browser" library="SeleniumLibrary">
<doc>Closes the current browser.</doc>
<status status="PASS" starttime="20200921 02:01:02.580" endtime="20200921 02:01:04.658"></status>
</kw>
<status status="PASS" starttime="20200921 02:01:02.216" endtime="20200921 02:01:04.658"></status>
</kw>
<status status="PASS" starttime="20200921 02:00:52.111" endtime="20200921 02:01:04.659" critical="yes"></status>
</test>
<status status="PASS" starttime="20200921 01:59:48.616" endtime="20200921 02:01:04.660"></status>
</suite>
<suite id="s1-s3" name="Register" source="C:\Users\TiagoCoelho\Documents\GitHub\QA-Challenge\Robot Framework\web\tests\register.robot">
<test id="s1-s3-t1" name="Registro do usuario">
<kw name="Nova sessão" library="base" type="setup">
<kw name="Open Browser" library="SeleniumLibrary">
<doc>Opens a new browser instance to the optional ``url``.</doc>
<arguments>
<arg>${url}</arg>
<arg>chrome</arg>
</arguments>
<msg timestamp="20200921 02:01:04.666" level="INFO">Opening browser 'chrome' to base url 'http://automationpractice.com/index.php'.</msg>
<status status="PASS" starttime="20200921 02:01:04.666" endtime="20200921 02:01:12.059"></status>
</kw>
<status status="PASS" starttime="20200921 02:01:04.666" endtime="20200921 02:01:12.059"></status>
</kw>
<kw name="Go To" library="SeleniumLibrary">
<doc>Navigates the current browser window to the provided ``url``.</doc>
<arguments>
<arg>${url}?controller=authentication</arg>
</arguments>
<msg timestamp="20200921 02:01:12.060" level="INFO">Opening url 'http://automationpractice.com/index.php?controller=authentication'</msg>
<status status="PASS" starttime="20200921 02:01:12.060" endtime="20200921 02:01:13.511"></status>
</kw>
<kw name="Check if can use email">
<arguments>
<arg>tiago@tiago.com</arg>
</arguments>
<kw name="Input Text" library="SeleniumLibrary">
<doc>Types the given ``text`` into the text field identified by ``locator``.</doc>
<arguments>
<arg>${check_email}</arg>
<arg>${email}</arg>
</arguments>
<msg timestamp="20200921 02:01:13.512" level="INFO">Typing text 'tiago@tiago.com' into text field 'id:email_create'.</msg>
<status status="PASS" starttime="20200921 02:01:13.512" endtime="20200921 02:01:13.585"></status>
</kw>
<kw name="Click Element" library="SeleniumLibrary">
<doc>Click the element identified by ``locator``.</doc>
<arguments>
<arg>${submit_button}</arg>
</arguments>
<msg timestamp="20200921 02:01:13.585" level="INFO">Clicking element 'id:SubmitCreate'.</msg>
<status status="PASS" starttime="20200921 02:01:13.585" endtime="20200921 02:01:13.641"></status>
</kw>
<status status="PASS" starttime="20200921 02:01:13.512" endtime="20200921 02:01:13.642"></status>
</kw>
<kw name="Sleep" library="BuiltIn">
<doc>Pauses the test executed for the given time.</doc>
<arguments>
<arg>2</arg>
</arguments>
<msg timestamp="20200921 02:01:15.644" level="INFO">Slept 2 seconds</msg>
<status status="PASS" starttime="20200921 02:01:13.642" endtime="20200921 02:01:15.644"></status>
</kw>
<kw name="Register user">
<kw name="Input Text" library="SeleniumLibrary">
<doc>Types the given ``text`` into the text field identified by ``locator``.</doc>
<arguments>
<arg>id:customer_firstname</arg>
<arg>Tiago</arg>
</arguments>
<msg timestamp="20200921 02:01:15.644" level="INFO">Typing text 'Tiago' into text field 'id:customer_firstname'.</msg>
<status status="PASS" starttime="20200921 02:01:15.644" endtime="20200921 02:01:15.709"></status>
</kw>
<kw name="Input Text" library="SeleniumLibrary">
<doc>Types the given ``text`` into the text field identified by ``locator``.</doc>
<arguments>
<arg>id:customer_lastname</arg>
<arg>Coelho</arg>
</arguments>
<msg timestamp="20200921 02:01:15.709" level="INFO">Typing text 'Coelho' into text field 'id:customer_lastname'.</msg>
<status status="PASS" starttime="20200921 02:01:15.709" endtime="20200921 02:01:15.771"></status>
</kw>
<kw name="Input Text" library="SeleniumLibrary">
<doc>Types the given ``text`` into the text field identified by ``locator``.</doc>
<arguments>
<arg>id:passwd</arg>
<arg>123456</arg>
</arguments>
<msg timestamp="20200921 02:01:15.772" level="INFO">Typing text '123456' into text field 'id:passwd'.</msg>
<status status="PASS" starttime="20200921 02:01:15.772" endtime="20200921 02:01:15.834"></status>
</kw>
<status status="PASS" starttime="20200921 02:01:15.644" endtime="20200921 02:01:15.835"></status>
</kw>
<kw name="Encerra sessão" library="base" type="teardown">
<kw name="Capture Page Screenshot" library="SeleniumLibrary">
<doc>Takes a screenshot of the current page and embeds it into a log file.</doc>
<msg timestamp="20200921 02:01:16.114" level="INFO" html="yes">&lt;/td&gt;&lt;/tr&gt;&lt;tr&gt;&lt;td colspan="3"&gt;&lt;a href="selenium-screenshot-8.png"&gt;&lt;img src="selenium-screenshot-8.png" width="800px"&gt;&lt;/a&gt;</msg>
<status status="PASS" starttime="20200921 02:01:15.835" endtime="20200921 02:01:16.114"></status>
</kw>
<kw name="Close Browser" library="SeleniumLibrary">
<doc>Closes the current browser.</doc>
<status status="PASS" starttime="20200921 02:01:16.114" endtime="20200921 02:01:18.186"></status>
</kw>
<status status="PASS" starttime="20200921 02:01:15.835" endtime="20200921 02:01:18.186"></status>
</kw>
<status status="PASS" starttime="20200921 02:01:04.665" endtime="20200921 02:01:18.186" critical="yes"></status>
</test>
<status status="PASS" starttime="20200921 02:01:04.663" endtime="20200921 02:01:18.187"></status>
</suite>
<status status="PASS" starttime="20200921 01:59:37.566" endtime="20200921 02:01:18.190"></status>
</suite>
<statistics>
<total>
<stat pass="8" fail="0">Critical Tests</stat>
<stat pass="8" fail="0">All Tests</stat>
</total>
<tag>
</tag>
<suite>
<stat pass="8" fail="0" id="s1" name="Tests">Tests</stat>
<stat pass="1" fail="0" id="s1-s1" name="Check">Tests.Check</stat>
<stat pass="6" fail="0" id="s1-s2" name="Login">Tests.Login</stat>
<stat pass="1" fail="0" id="s1-s3" name="Register">Tests.Register</stat>
</suite>
</statistics>
<errors>
</errors>
</robot>
